<?xml version="1.0" encoding="UTF-8"?>
<!-- Generated by org.testng.reporters.JUnitReportReporter -->
<testsuite hostname="DESKTOP-K1F8GII" failures="0" tests="9" name="ru.netology.RadioTest" time="0.095" errors="0" timestamp="2022-10-11T17:08:50 MSK" skipped="0">
  <testcase classname="ru.netology.RadioTest" name="nextStationNumber1" time="0.002"/>
  <system-out/>
  <testcase classname="ru.netology.RadioTest" name="nextStationNumber2" time="0.000"/>
  <system-out/>
  <testcase classname="ru.netology.RadioTest" name="test1" time="0.001"/>
  <system-out/>
  <testcase classname="ru.netology.RadioTest" name="prevStationNumber1" time="0.002"/>
  <system-out/>
  <testcase classname="ru.netology.RadioTest" name="prevStationNumber" time="0.000"/>
  <system-out/>
  <testcase classname="ru.netology.RadioTest" name="currentRadioStationNumber1" time="0.080"/>
  <system-out/>
  <testcase classname="ru.netology.RadioTest" name="currentRadioStationNumber2" time="0.001"/>
  <system-out/>
  <testcase classname="ru.netology.RadioTest" name="test" time="0.008"/>
  <system-out/>
  <testcase classname="ru.netology.RadioTest" name="currentRadioStationNumber3" time="0.001"/>
  <system-out/>
</testsuite> <!-- ru.netology.RadioTest -->
