<?xml version="1.0" encoding="UTF-8"?>
<!-- Generated by org.testng.reporters.JUnitReportReporter -->
<testsuite hostname="DESKTOP-K1F8GII" failures="0" tests="14" name="ru.netology.RadioTest" time="0.058" errors="0" timestamp="2022-10-10T02:12:43 MSK" skipped="0">
  <testcase classname="ru.netology.RadioTest" name="setVolumeMax1" time="0.001"/>
  <system-out/>
  <testcase classname="ru.netology.RadioTest" name="currentRadioStationNumber" time="0.000"/>
  <system-out/>
  <testcase classname="ru.netology.RadioTest" name="prevStationNumber" time="0.001"/>
  <system-out/>
  <testcase classname="ru.netology.RadioTest" name="setVolumeMin2" time="0.001"/>
  <system-out/>
  <testcase classname="ru.netology.RadioTest" name="nextStationNumber1" time="0.001"/>
  <system-out/>
  <testcase classname="ru.netology.RadioTest" name="setVolumeMax2" time="0.001"/>
  <system-out/>
  <testcase classname="ru.netology.RadioTest" name="certainVolume2" time="0.000"/>
  <system-out/>
  <testcase classname="ru.netology.RadioTest" name="certainVolume3" time="0.001"/>
  <system-out/>
  <testcase classname="ru.netology.RadioTest" name="prevStationNumber1" time="0.000"/>
  <system-out/>
  <testcase classname="ru.netology.RadioTest" name="currentRadioStationNumber1" time="0.000"/>
  <system-out/>
  <testcase classname="ru.netology.RadioTest" name="currentRadioStationNumber2" time="0.001"/>
  <system-out/>
  <testcase classname="ru.netology.RadioTest" name="certainVolume1" time="0.050"/>
  <system-out/>
  <testcase classname="ru.netology.RadioTest" name="nextStationNumber2" time="0.000"/>
  <system-out/>
  <testcase classname="ru.netology.RadioTest" name="setVolumeMin1" time="0.001"/>
  <system-out/>
</testsuite> <!-- ru.netology.RadioTest -->
